<?xml version="1.0" encoding="UTF-8"?>
<testsuite name="com.duff.client.service.test.SpotifyTests" tests="2" skipped="0" failures="0" errors="0" timestamp="2018-08-08T00:10:23" hostname="localhost.localdomain" time="1.386">
  <properties/>
  <testcase name="validateLogin" classname="com.duff.client.service.test.SpotifyTests" time="0.005"/>
  <testcase name="searchPlayList" classname="com.duff.client.service.test.SpotifyTests" time="1.153"/>
  <system-out><![CDATA[2018-08-07 21:10:23.414  INFO 21217 --- [    Test worker] .b.t.c.SpringBootTestContextBootstrapper : Neither @ContextConfiguration nor @ContextHierarchy found for test class [com.duff.client.service.test.SpotifyTests], using SpringBootContextLoader
2018-08-07 21:10:23.415  INFO 21217 --- [    Test worker] o.s.t.c.support.AbstractContextLoader    : Could not detect default resource locations for test class [com.duff.client.service.test.SpotifyTests]: no resource found for suffixes {-context.xml, Context.groovy}.
2018-08-07 21:10:23.416  INFO 21217 --- [    Test worker] t.c.s.AnnotationConfigContextLoaderUtils : Could not detect default configuration classes for test class [com.duff.client.service.test.SpotifyTests]: SpotifyTests does not declare any static, non-private, non-final, nested classes annotated with @Configuration.
2018-08-07 21:10:23.429  INFO 21217 --- [    Test worker] .b.t.c.SpringBootTestContextBootstrapper : Found @SpringBootConfiguration com.duff.client.DuffBeerClientMicroserviceApplication for test class com.duff.client.service.test.SpotifyTests
2018-08-07 21:10:23.431  INFO 21217 --- [    Test worker] .b.t.c.SpringBootTestContextBootstrapper : Loaded default TestExecutionListener class names from location [META-INF/spring.factories]: [org.springframework.boot.test.autoconfigure.restdocs.RestDocsTestExecutionListener, org.springframework.boot.test.autoconfigure.web.client.MockRestServiceServerResetTestExecutionListener, org.springframework.boot.test.autoconfigure.web.servlet.MockMvcPrintOnlyOnFailureTestExecutionListener, org.springframework.boot.test.autoconfigure.web.servlet.WebDriverTestExecutionListener, org.springframework.boot.test.mock.mockito.MockitoTestExecutionListener, org.springframework.boot.test.mock.mockito.ResetMocksTestExecutionListener, org.springframework.test.context.web.ServletTestExecutionListener, org.springframework.test.context.support.DirtiesContextBeforeModesTestExecutionListener, org.springframework.test.context.support.DependencyInjectionTestExecutionListener, org.springframework.test.context.support.DirtiesContextTestExecutionListener, org.springframework.test.context.transaction.TransactionalTestExecutionListener, org.springframework.test.context.jdbc.SqlScriptsTestExecutionListener]
2018-08-07 21:10:23.432  INFO 21217 --- [    Test worker] .b.t.c.SpringBootTestContextBootstrapper : Using TestExecutionListeners: [org.springframework.test.context.web.ServletTestExecutionListener@ae7eec2, org.springframework.test.context.support.DirtiesContextBeforeModesTestExecutionListener@20a74ab5, org.springframework.boot.test.mock.mockito.MockitoTestExecutionListener@49552916, org.springframework.boot.test.autoconfigure.SpringBootDependencyInjectionTestExecutionListener@5aeb1d9c, org.springframework.test.context.support.DirtiesContextTestExecutionListener@6fcf69fd, org.springframework.test.context.transaction.TransactionalTestExecutionListener@75277453, org.springframework.test.context.jdbc.SqlScriptsTestExecutionListener@155afe78, org.springframework.boot.test.autoconfigure.restdocs.RestDocsTestExecutionListener@17df06b2, org.springframework.boot.test.autoconfigure.web.client.MockRestServiceServerResetTestExecutionListener@34b1535, org.springframework.boot.test.autoconfigure.web.servlet.MockMvcPrintOnlyOnFailureTestExecutionListener@4d806ce3, org.springframework.boot.test.autoconfigure.web.servlet.WebDriverTestExecutionListener@febe215, org.springframework.boot.test.mock.mockito.ResetMocksTestExecutionListener@606e9fcc]
]]></system-out>
  <system-err><![CDATA[]]></system-err>
</testsuite>
