<?xml version="1.0" encoding="UTF-8"?>
<testsuite name="com.duff.client.DuffBeerClientMicroservice.DuffBeerClientMicroserviceApplicationTests" tests="1" skipped="0" failures="0" errors="0" timestamp="2018-08-08T00:10:23" hostname="localhost.localdomain" time="0.106">
  <properties/>
  <testcase name="contextLoads" classname="com.duff.client.DuffBeerClientMicroservice.DuffBeerClientMicroserviceApplicationTests" time="0.106"/>
  <system-out><![CDATA[2018-08-07 21:10:13.215  INFO 21217 --- [    Test worker] s.c.a.AnnotationConfigApplicationContext : Refreshing org.springframework.context.annotation.AnnotationConfigApplicationContext@ebc6b6a: startup date [Tue Aug 07 21:10:13 BRT 2018]; root of context hierarchy
2018-08-07 21:10:13.462  INFO 21217 --- [    Test worker] f.a.AutowiredAnnotationBeanPostProcessor : JSR-330 'javax.inject.Inject' annotation found and supported for autowiring
2018-08-07 21:10:13.527  INFO 21217 --- [    Test worker] trationDelegate$BeanPostProcessorChecker : Bean 'configurationPropertiesRebinderAutoConfiguration' of type [org.springframework.cloud.autoconfigure.ConfigurationPropertiesRebinderAutoConfiguration$$EnhancerBySpringCGLIB$$cff69f1e] is not eligible for getting processed by all BeanPostProcessors (for example: not eligible for auto-proxying)
2018-08-07 21:10:13.797 ERROR 21217 --- [    Test worker] o.s.b.c.l.LoggingApplicationListener     : Cannot set level: .=info for '0'
2018-08-07 21:10:13.798 ERROR 21217 --- [    Test worker] o.s.b.c.l.LoggingApplicationListener     : Cannot set level: com.memorynotfound=debug for '1'
2018-08-07 21:10:13.798 ERROR 21217 --- [    Test worker] o.s.b.c.l.LoggingApplicationListener     : Cannot set level: org.springframework=info for '2'
  _____             __    __      _____                         _               
 |  __ \           / _|  / _|    / ____|                       (_)              
 | |  | |  _   _  | |_  | |_    | (___     ___   _ __  __   __  _    ___    ___ 
 | |  | | | | | | |  _| |  _|    \___ \   / _ \ | '__| \ \ / / | |  / __|  / _ \
 | |__| | | |_| | | |   | |      ____) | |  __/ | |     \ V /  | | | (__  |  __/
 |_____/   \__,_| |_|   |_|     |_____/   \___| |_|      \_/   |_|  \___|  \___|
                                                                                
2018-08-07 21:10:13.830  INFO 21217 --- [    Test worker] ffBeerClientMicroserviceApplicationTests : No active profile set, falling back to default profiles: default
2018-08-07 21:10:13.838  INFO 21217 --- [    Test worker] o.s.w.c.s.GenericWebApplicationContext   : Refreshing org.springframework.web.context.support.GenericWebApplicationContext@26748f32: startup date [Tue Aug 07 21:10:13 BRT 2018]; parent: org.springframework.context.annotation.AnnotationConfigApplicationContext@ebc6b6a
2018-08-07 21:10:15.185  INFO 21217 --- [    Test worker] o.s.b.f.s.DefaultListableBeanFactory     : Overriding bean definition for bean 'dataSource' with a different definition: replacing [Root bean: class [null]; scope=refresh; abstract=false; lazyInit=false; autowireMode=3; dependencyCheck=0; autowireCandidate=false; primary=false; factoryBeanName=org.springframework.boot.autoconfigure.jdbc.DataSourceConfiguration$Hikari; factoryMethodName=dataSource; initMethodName=null; destroyMethodName=(inferred); defined in class path resource [org/springframework/boot/autoconfigure/jdbc/DataSourceConfiguration$Hikari.class]] with [Root bean: class [org.springframework.aop.scope.ScopedProxyFactoryBean]; scope=; abstract=false; lazyInit=false; autowireMode=0; dependencyCheck=0; autowireCandidate=true; primary=false; factoryBeanName=null; factoryMethodName=null; initMethodName=null; destroyMethodName=null; defined in BeanDefinition defined in class path resource [org/springframework/boot/autoconfigure/jdbc/DataSourceConfiguration$Hikari.class]]
2018-08-07 21:10:15.502  INFO 21217 --- [    Test worker] o.s.cloud.context.scope.GenericScope     : BeanFactory id=8862c32a-7586-3ac9-9ea6-63b0909db85d
2018-08-07 21:10:15.591  INFO 21217 --- [    Test worker] f.a.AutowiredAnnotationBeanPostProcessor : JSR-330 'javax.inject.Inject' annotation found and supported for autowiring
2018-08-07 21:10:15.760  INFO 21217 --- [    Test worker] trationDelegate$BeanPostProcessorChecker : Bean 'org.springframework.transaction.annotation.ProxyTransactionManagementConfiguration' of type [org.springframework.transaction.annotation.ProxyTransactionManagementConfiguration$$EnhancerBySpringCGLIB$$b3dc9c21] is not eligible for getting processed by all BeanPostProcessors (for example: not eligible for auto-proxying)
2018-08-07 21:10:15.843  INFO 21217 --- [    Test worker] trationDelegate$BeanPostProcessorChecker : Bean 'org.springframework.cloud.autoconfigure.ConfigurationPropertiesRebinderAutoConfiguration' of type [org.springframework.cloud.autoconfigure.ConfigurationPropertiesRebinderAutoConfiguration$$EnhancerBySpringCGLIB$$cff69f1e] is not eligible for getting processed by all BeanPostProcessors (for example: not eligible for auto-proxying)
2018-08-07 21:10:16.206  WARN 21217 --- [    Test worker] c.n.c.sources.URLConfigurationSource     : No URLs will be polled as dynamic configuration sources.
2018-08-07 21:10:16.206  INFO 21217 --- [    Test worker] c.n.c.sources.URLConfigurationSource     : To enable URLs as dynamic configuration sources, define System property archaius.configurationSource.additionalUrls or make config.properties available on classpath.
2018-08-07 21:10:16.227  INFO 21217 --- [    Test worker] c.netflix.config.DynamicPropertyFactory  : DynamicPropertyFactory is initialized with configuration sources: com.netflix.config.ConcurrentCompositeConfiguration@e5fa400
2018-08-07 21:10:16.433  INFO 21217 --- [    Test worker] com.zaxxer.hikari.HikariDataSource       : HikariPool-1 - Starting...
2018-08-07 21:10:16.655  INFO 21217 --- [    Test worker] com.zaxxer.hikari.HikariDataSource       : HikariPool-1 - Start completed.
2018-08-07 21:10:16.730  INFO 21217 --- [    Test worker] j.LocalContainerEntityManagerFactoryBean : Building JPA container EntityManagerFactory for persistence unit 'default'
2018-08-07 21:10:16.765  INFO 21217 --- [    Test worker] o.hibernate.jpa.internal.util.LogHelper  : HHH000204: Processing PersistenceUnitInfo [
	name: default
	...]
2018-08-07 21:10:16.871  INFO 21217 --- [    Test worker] org.hibernate.Version                    : HHH000412: Hibernate Core {5.2.17.Final}
2018-08-07 21:10:16.874  INFO 21217 --- [    Test worker] org.hibernate.cfg.Environment            : HHH000206: hibernate.properties not found
2018-08-07 21:10:16.931  INFO 21217 --- [    Test worker] o.hibernate.annotations.common.Version   : HCANN000001: Hibernate Commons Annotations {5.0.1.Final}
2018-08-07 21:10:17.081  INFO 21217 --- [    Test worker] org.hibernate.dialect.Dialect            : HHH000400: Using dialect: org.hibernate.dialect.H2Dialect
2018-08-07 21:10:17.784  INFO 21217 --- [    Test worker] j.LocalContainerEntityManagerFactoryBean : Initialized JPA EntityManagerFactory for persistence unit 'default'
2018-08-07 21:10:17.879  INFO 21217 --- [    Test worker] o.s.jdbc.datasource.init.ScriptUtils     : Executing SQL script from URL [file:/home/igor/Documents/workspace_leroy/duff-multi-project-builds/DuffBeerClientMicroservice/build/resources/main/data.sql]
2018-08-07 21:10:17.884  INFO 21217 --- [    Test worker] o.s.jdbc.datasource.init.ScriptUtils     : Executed SQL script from URL [file:/home/igor/Documents/workspace_leroy/duff-multi-project-builds/DuffBeerClientMicroservice/build/resources/main/data.sql] in 4 ms.
2018-08-07 21:10:20.721  WARN 21217 --- [    Test worker] c.n.c.sources.URLConfigurationSource     : No URLs will be polled as dynamic configuration sources.
2018-08-07 21:10:20.722  INFO 21217 --- [    Test worker] c.n.c.sources.URLConfigurationSource     : To enable URLs as dynamic configuration sources, define System property archaius.configurationSource.additionalUrls or make config.properties available on classpath.
2018-08-07 21:10:20.851  INFO 21217 --- [    Test worker] o.s.w.s.handler.SimpleUrlHandlerMapping  : Mapped URL path [/**/favicon.ico] onto handler of type [class org.springframework.web.servlet.resource.ResourceHttpRequestHandler]
2018-08-07 21:10:21.247  INFO 21217 --- [    Test worker] s.w.s.m.m.a.RequestMappingHandlerAdapter : Looking for @ControllerAdvice: org.springframework.web.context.support.GenericWebApplicationContext@26748f32: startup date [Tue Aug 07 21:10:13 BRT 2018]; parent: org.springframework.context.annotation.AnnotationConfigApplicationContext@ebc6b6a
2018-08-07 21:10:21.308  WARN 21217 --- [    Test worker] aWebConfiguration$JpaWebMvcConfiguration : spring.jpa.open-in-view is enabled by default. Therefore, database queries may be performed during view rendering. Explicitly configure spring.jpa.open-in-view to disable this warning
2018-08-07 21:10:21.367  INFO 21217 --- [    Test worker] s.w.s.m.m.a.RequestMappingHandlerMapping : Mapped "{[/beer/temperature],methods=[POST]}" onto public org.springframework.http.ResponseEntity<?> com.duff.client.controller.DuffController.getBeerByAverageTemperature(com.duff.client.param.DuffBeerTemperatureParam)
2018-08-07 21:10:21.369  INFO 21217 --- [    Test worker] s.w.s.m.m.a.RequestMappingHandlerMapping : Mapped "{[/beer/{style}],methods=[GET]}" onto public org.springframework.http.ResponseEntity<?> com.duff.client.controller.DuffController.get(java.lang.String)
2018-08-07 21:10:21.370  INFO 21217 --- [    Test worker] s.w.s.m.m.a.RequestMappingHandlerMapping : Mapped "{[/beer],methods=[PUT]}" onto public org.springframework.http.ResponseEntity<?> com.duff.client.controller.DuffController.update(com.duff.client.entity.Beer)
2018-08-07 21:10:21.371  INFO 21217 --- [    Test worker] s.w.s.m.m.a.RequestMappingHandlerMapping : Mapped "{[/beer/{style}],methods=[DELETE]}" onto public org.springframework.http.ResponseEntity<?> com.duff.client.controller.DuffController.delete(java.lang.String)
2018-08-07 21:10:21.372  INFO 21217 --- [    Test worker] s.w.s.m.m.a.RequestMappingHandlerMapping : Mapped "{[/beer],methods=[POST]}" onto public org.springframework.http.ResponseEntity<?> com.duff.client.controller.DuffController.save(com.duff.client.entity.Beer)
2018-08-07 21:10:21.375  INFO 21217 --- [    Test worker] s.w.s.m.m.a.RequestMappingHandlerMapping : Mapped "{[/error],produces=[text/html]}" onto public org.springframework.web.servlet.ModelAndView org.springframework.boot.autoconfigure.web.servlet.error.BasicErrorController.errorHtml(javax.servlet.http.HttpServletRequest,javax.servlet.http.HttpServletResponse)
2018-08-07 21:10:21.376  INFO 21217 --- [    Test worker] s.w.s.m.m.a.RequestMappingHandlerMapping : Mapped "{[/error]}" onto public org.springframework.http.ResponseEntity<java.util.Map<java.lang.String, java.lang.Object>> org.springframework.boot.autoconfigure.web.servlet.error.BasicErrorController.error(javax.servlet.http.HttpServletRequest)
2018-08-07 21:10:21.424  INFO 21217 --- [    Test worker] o.s.w.s.handler.SimpleUrlHandlerMapping  : Mapped URL path [/webjars/**] onto handler of type [class org.springframework.web.servlet.resource.ResourceHttpRequestHandler]
2018-08-07 21:10:21.424  INFO 21217 --- [    Test worker] o.s.w.s.handler.SimpleUrlHandlerMapping  : Mapped URL path [/**] onto handler of type [class org.springframework.web.servlet.resource.ResourceHttpRequestHandler]
2018-08-07 21:10:22.771  INFO 21217 --- [    Test worker] o.s.ui.freemarker.SpringTemplateLoader   : SpringTemplateLoader for FreeMarker: using resource loader [org.springframework.web.context.support.GenericWebApplicationContext@26748f32: startup date [Tue Aug 07 21:10:13 BRT 2018]; parent: org.springframework.context.annotation.AnnotationConfigApplicationContext@ebc6b6a] and template loader path [classpath:/templates/]
2018-08-07 21:10:22.773  INFO 21217 --- [    Test worker] o.s.w.s.v.f.FreeMarkerConfigurer         : ClassTemplateLoader for Spring macros added to FreeMarker configuration
2018-08-07 21:10:23.117  INFO 21217 --- [    Test worker] o.s.b.a.e.web.EndpointLinksResolver      : Exposing 2 endpoint(s) beneath base path '/actuator'
2018-08-07 21:10:23.135  INFO 21217 --- [    Test worker] s.b.a.e.w.s.WebMvcEndpointHandlerMapping : Mapped "{[/actuator/health],methods=[GET],produces=[application/vnd.spring-boot.actuator.v2+json || application/json]}" onto public java.lang.Object org.springframework.boot.actuate.endpoint.web.servlet.AbstractWebMvcEndpointHandlerMapping$OperationHandler.handle(javax.servlet.http.HttpServletRequest,java.util.Map<java.lang.String, java.lang.String>)
2018-08-07 21:10:23.136  INFO 21217 --- [    Test worker] s.b.a.e.w.s.WebMvcEndpointHandlerMapping : Mapped "{[/actuator/info],methods=[GET],produces=[application/vnd.spring-boot.actuator.v2+json || application/json]}" onto public java.lang.Object org.springframework.boot.actuate.endpoint.web.servlet.AbstractWebMvcEndpointHandlerMapping$OperationHandler.handle(javax.servlet.http.HttpServletRequest,java.util.Map<java.lang.String, java.lang.String>)
2018-08-07 21:10:23.138  INFO 21217 --- [    Test worker] s.b.a.e.w.s.WebMvcEndpointHandlerMapping : Mapped "{[/actuator],methods=[GET],produces=[application/vnd.spring-boot.actuator.v2+json || application/json]}" onto protected java.util.Map<java.lang.String, java.util.Map<java.lang.String, org.springframework.boot.actuate.endpoint.web.Link>> org.springframework.boot.actuate.endpoint.web.servlet.WebMvcEndpointHandlerMapping.links(javax.servlet.http.HttpServletRequest,javax.servlet.http.HttpServletResponse)
2018-08-07 21:10:23.249  INFO 21217 --- [    Test worker] o.s.c.support.DefaultLifecycleProcessor  : Starting beans in phase 0
2018-08-07 21:10:23.282  INFO 21217 --- [    Test worker] ffBeerClientMicroserviceApplicationTests : Started DuffBeerClientMicroserviceApplicationTests in 11.051 seconds (JVM running for 12.102)
]]></system-out>
  <system-err><![CDATA[Aug 07, 2018 9:10:11 PM org.springframework.boot.test.context.SpringBootTestContextBootstrapper buildDefaultMergedContextConfiguration
INFO: Neither @ContextConfiguration nor @ContextHierarchy found for test class [com.duff.client.DuffBeerClientMicroservice.DuffBeerClientMicroserviceApplicationTests], using SpringBootContextLoader
Aug 07, 2018 9:10:11 PM org.springframework.test.context.support.AbstractContextLoader generateDefaultLocations
INFO: Could not detect default resource locations for test class [com.duff.client.DuffBeerClientMicroservice.DuffBeerClientMicroserviceApplicationTests]: no resource found for suffixes {-context.xml, Context.groovy}.
Aug 07, 2018 9:10:11 PM org.springframework.test.context.support.AnnotationConfigContextLoaderUtils detectDefaultConfigurationClasses
INFO: Could not detect default configuration classes for test class [com.duff.client.DuffBeerClientMicroservice.DuffBeerClientMicroserviceApplicationTests]: DuffBeerClientMicroserviceApplicationTests does not declare any static, non-private, non-final, nested classes annotated with @Configuration.
Aug 07, 2018 9:10:12 PM org.springframework.boot.test.context.SpringBootTestContextBootstrapper getOrFindConfigurationClasses
INFO: Found @SpringBootConfiguration com.duff.client.DuffBeerClientMicroserviceApplication for test class com.duff.client.DuffBeerClientMicroservice.DuffBeerClientMicroserviceApplicationTests
Aug 07, 2018 9:10:12 PM org.springframework.boot.test.context.SpringBootTestContextBootstrapper getDefaultTestExecutionListenerClassNames
INFO: Loaded default TestExecutionListener class names from location [META-INF/spring.factories]: [org.springframework.boot.test.autoconfigure.restdocs.RestDocsTestExecutionListener, org.springframework.boot.test.autoconfigure.web.client.MockRestServiceServerResetTestExecutionListener, org.springframework.boot.test.autoconfigure.web.servlet.MockMvcPrintOnlyOnFailureTestExecutionListener, org.springframework.boot.test.autoconfigure.web.servlet.WebDriverTestExecutionListener, org.springframework.boot.test.mock.mockito.MockitoTestExecutionListener, org.springframework.boot.test.mock.mockito.ResetMocksTestExecutionListener, org.springframework.test.context.web.ServletTestExecutionListener, org.springframework.test.context.support.DirtiesContextBeforeModesTestExecutionListener, org.springframework.test.context.support.DependencyInjectionTestExecutionListener, org.springframework.test.context.support.DirtiesContextTestExecutionListener, org.springframework.test.context.transaction.TransactionalTestExecutionListener, org.springframework.test.context.jdbc.SqlScriptsTestExecutionListener]
Aug 07, 2018 9:10:12 PM org.springframework.boot.test.context.SpringBootTestContextBootstrapper getTestExecutionListeners
INFO: Using TestExecutionListeners: [org.springframework.test.context.web.ServletTestExecutionListener@15306f7c, org.springframework.test.context.support.DirtiesContextBeforeModesTestExecutionListener@1eb71d19, org.springframework.boot.test.mock.mockito.MockitoTestExecutionListener@13a10022, org.springframework.boot.test.autoconfigure.SpringBootDependencyInjectionTestExecutionListener@51fed678, org.springframework.test.context.support.DirtiesContextTestExecutionListener@472318b4, org.springframework.test.context.transaction.TransactionalTestExecutionListener@61da8a9c, org.springframework.test.context.jdbc.SqlScriptsTestExecutionListener@7ae13695, org.springframework.boot.test.autoconfigure.restdocs.RestDocsTestExecutionListener@5d0b72a7, org.springframework.boot.test.autoconfigure.web.client.MockRestServiceServerResetTestExecutionListener@232270a, org.springframework.boot.test.autoconfigure.web.servlet.MockMvcPrintOnlyOnFailureTestExecutionListener@3709d3ba, org.springframework.boot.test.autoconfigure.web.servlet.WebDriverTestExecutionListener@44af1e50, org.springframework.boot.test.mock.mockito.ResetMocksTestExecutionListener@4237d228]
]]></system-err>
</testsuite>
